Rebuild target 'first'
assembling startup_stm32f10x_md.s...
compiling misc.c...
compiling stm32f10x_gpio.c...
compiling stm32f10x_rcc.c...
compiling system_stm32f10x.c...
compiling delay.c...
delay.h(12): warning:  #1-D: last line of file ends without a newline
  #endif
delay.c(63): warning:  #1-D: last line of file ends without a newline
  }
delay.c: 2 warnings, 0 errors
compiling main.c...
moto.h(14): warning:  #1-D: last line of file ends without a newline
  # endif
delay.h(12): warning:  #1-D: last line of file ends without a newline
  #endif
main.c: 2 warnings, 0 errors
compiling stm32f10x_it.c...
compiling moto.c...
moto.h(14): warning:  #1-D: last line of file ends without a newline
  # endif
moto.c: 1 warning, 0 errors
linking...
Program Size: Code=1076 RO-data=252 RW-data=0 ZI-data=1632  
FromELF: creating hex file...
"..\OBJ\first_pro.axf" - 0 Error(s), 5 Warning(s).
